<?xml version="1.0" encoding="UTF-8"?>
<testng-results ignored="0" total="2" passed="2" failed="0" skipped="0">
  <reporter-output>
  </reporter-output>
  <suite started-at="2024-10-27T09:59:05 IST" name="derived product" finished-at="2024-10-27T09:59:34 IST" duration-ms="28778">
    <groups>
      <group name="cucumber">
        <method signature="AbstractTestNGCucumberTests.runScenario(io.cucumber.testng.PickleWrapper,io.cucumber.testng.FeatureWrapper)[pri:0, instance:runners.TestRunner@21337f7b]" name="runScenario" class="io.cucumber.testng.AbstractTestNGCucumberTests"/>
      </group> <!-- cucumber -->
    </groups>
    <test started-at="2024-10-27T09:59:05 IST" name="RegressionTests" finished-at="2024-10-27T09:59:34 IST" duration-ms="28778">
      <class name="runners.TestRunner">
        <test-method is-config="true" signature="setCucumberTags(java.lang.String)[pri:0, instance:runners.TestRunner@21337f7b]" started-at="2024-10-27T09:59:05 IST" name="setCucumberTags" finished-at="2024-10-27T09:59:05 IST" duration-ms="5" status="PASS">
          <params>
            <param index="0">
              <value>
                <![CDATA[@smoke]]>
              </value>
            </param>
          </params>
          <reporter-output>
          </reporter-output>
        </test-method> <!-- setCucumberTags -->
        <test-method is-config="true" signature="setUpClass(org.testng.ITestContext)[pri:0, instance:runners.TestRunner@21337f7b]" started-at="2024-10-27T09:59:05 IST" name="setUpClass" finished-at="2024-10-27T09:59:05 IST" duration-ms="47" status="PASS">
          <params>
            <param index="0">
              <value>
                <![CDATA[org.testng.TestRunner@46268f08]]>
              </value>
            </param>
          </params>
          <reporter-output>
          </reporter-output>
        </test-method> <!-- setUpClass -->
        <test-method signature="runScenario(io.cucumber.testng.PickleWrapper,io.cucumber.testng.FeatureWrapper)[pri:0, instance:runners.TestRunner@21337f7b]" started-at="2024-10-27T09:59:05 IST" name="runScenario" description="Runs Cucumber Scenarios" data-provider="scenarios" finished-at="2024-10-27T09:59:34 IST" duration-ms="28719" status="PASS">
          <params>
            <param index="0">
              <value>
                <![CDATA["Store Jacket details with price and Top Seller message"]]>
              </value>
            </param>
            <param index="1">
              <value>
                <![CDATA["Optional[Verify and store Jacket details from the Shop Menu in CP]"]]>
              </value>
            </param>
          </params>
          <reporter-output>
          </reporter-output>
        </test-method> <!-- runScenario -->
        <test-method signature="runScenario(io.cucumber.testng.PickleWrapper,io.cucumber.testng.FeatureWrapper)[pri:0, instance:runners.TestRunner@21337f7b]" started-at="2024-10-27T09:59:05 IST" name="runScenario" description="Runs Cucumber Scenarios" data-provider="scenarios" finished-at="2024-10-27T09:59:14 IST" duration-ms="8841" status="PASS">
          <params>
            <param index="0">
              <value>
                <![CDATA["Count total video feeds on News & Features page"]]>
              </value>
            </param>
            <param index="1">
              <value>
                <![CDATA["Optional[Verify and store Jacket details from the Shop Menu in CP]"]]>
              </value>
            </param>
          </params>
          <reporter-output>
          </reporter-output>
        </test-method> <!-- runScenario -->
        <test-method is-config="true" signature="tearDownClass()[pri:0, instance:runners.TestRunner@21337f7b]" started-at="2024-10-27T09:59:34 IST" name="tearDownClass" finished-at="2024-10-27T09:59:34 IST" duration-ms="2" status="PASS">
          <reporter-output>
          </reporter-output>
        </test-method> <!-- tearDownClass -->
      </class> <!-- runners.TestRunner -->
    </test> <!-- RegressionTests -->
  </suite> <!-- derived product -->
</testng-results>
