<?xml version="1.0" encoding="UTF-8"?>
<!-- Generated by org.testng.reporters.JUnitXMLReporter -->
<testsuite ignored="0" hostname="ravi-mac.local" failures="0" tests="2" name="RegressionTests" time="28.778" errors="0" timestamp="2024-10-27T09:59:34 IST">
  <testcase classname="io.cucumber.testng.AbstractTestNGCucumberTests" name="runScenario" time="8.841"/>
  <testcase classname="io.cucumber.testng.AbstractTestNGCucumberTests" name="runScenario" time="28.719"/>
</testsuite> <!-- RegressionTests -->
