<?xml version="1.0" encoding="UTF-8"?>
<!-- Generated by org.testng.reporters.JUnitXMLReporter -->
<testsuite ignored="0" hostname="ravi-mac.local" failures="0" tests="2" name="RegressionTests" time="34.0" errors="0" timestamp="2024-11-04T09:49:24 IST">
  <testcase classname="io.cucumber.testng.AbstractTestNGCucumberTests" name="runScenario" time="12.089"/>
  <testcase classname="io.cucumber.testng.AbstractTestNGCucumberTests" name="runScenario" time="33.929"/>
</testsuite> <!-- RegressionTests -->
